<?xml version="1.0" encoding="UTF-8"?>
<testsuite xmlns:xsi="http://www.w3.org/2001/XMLSchema-instance" xsi:noNamespaceSchemaLocation="https://maven.apache.org/surefire/maven-surefire-plugin/xsd/surefire-test-report.xsd" name="eu.ensup.gestionetablissement.service.AppTest" time="0.187" tests="2" errors="0" skipped="0" failures="0">
  <properties>
[...]
</properties>
  <testcase name="testgetPerson" classname="eu.ensup.gestionetablissement.service.AppTest" time="0.011"/>
  <testcase name="testUpdatePerson" classname="eu.ensup.gestionetablissement.service.AppTest" time="0.005"/>
</testsuite>