-------------------------------------------------------------------------------
Test set: eu.ensup.gestionetablissement.dao.AppTest
-------------------------------------------------------------------------------
Tests run: 7, Failures: 0, Errors: 5, Skipped: 0, Time elapsed: 11.421 s <<< FAILURE! - in eu.ensup.gestionetablissement.dao.AppTest
testCreatePerson  Time elapsed: 11.28 s  <<< ERROR!
eu.ensup.gestionetablissement.dao.ExceptionDao: Nous ne parvenons pas à joindre le serveur distant. Veuillez réessayer ultérieurement
	at eu.ensup.gestionetablissement.dao.AppTest.testCreatePerson(AppTest.java:72)

testNullValueField  Time elapsed: 0.027 s  <<< ERROR!
eu.ensup.gestionetablissement.dao.ExceptionDao: Nous ne parvenons pas à joindre le serveur distant. Veuillez réessayer ultérieurement
	at eu.ensup.gestionetablissement.dao.AppTest.testNullValueField(AppTest.java:64)

testLastNameIs  Time elapsed: 0.017 s  <<< ERROR!
eu.ensup.gestionetablissement.dao.ExceptionDao: Nous ne parvenons pas à joindre le serveur distant. Veuillez réessayer ultérieurement
	at eu.ensup.gestionetablissement.dao.AppTest.testLastNameIs(AppTest.java:46)

testFirstNameIsNot  Time elapsed: 0.022 s  <<< ERROR!
eu.ensup.gestionetablissement.dao.ExceptionDao: Nous ne parvenons pas à joindre le serveur distant. Veuillez réessayer ultérieurement
	at eu.ensup.gestionetablissement.dao.AppTest.testFirstNameIsNot(AppTest.java:52)

testCheckPassword  Time elapsed: 0.017 s  <<< ERROR!
eu.ensup.gestionetablissement.dao.ExceptionDao: Nous ne parvenons pas à joindre le serveur distant. Veuillez réessayer ultérieurement
	at eu.ensup.gestionetablissement.dao.AppTest.testCheckPassword(AppTest.java:79)

